Training
---------Round 0---------
Average test accuracy:  15.650
Average training loss: 1.588
Finetuned average test accuracy:  14.550
---------Round 1---------
Average test accuracy:  17.575
Average training loss: 1.477
Finetuned average test accuracy:  17.825
---------Round 2---------
Average test accuracy:  17.900
Average training loss: 1.408
Finetuned average test accuracy:  18.200
---------Round 3---------
Average test accuracy:  20.500
Average training loss: 1.266
Finetuned average test accuracy:  21.375
---------Round 4---------
Average test accuracy:  21.325
Average training loss: 1.142
Finetuned average test accuracy:  23.025
---------Round 5---------
Average test accuracy:  20.525
Average training loss: 1.148
Finetuned average test accuracy:  23.400
---------Round 6---------
Average test accuracy:  20.675
Average training loss: 1.133
Finetuned average test accuracy:  22.625
---------Round 7---------
Average test accuracy:  22.250
Average training loss: 0.937
Finetuned average test accuracy:  24.025
---------Round 8---------
Average test accuracy:  22.825
Average training loss: 0.899
Finetuned average test accuracy:  24.475
---------Round 9---------
Average test accuracy:  23.625
Average training loss: 0.858
Finetuned average test accuracy:  25.275
---------Round 10---------
Average test accuracy:  24.300
Average training loss: 0.773
Finetuned average test accuracy:  25.325
---------Round 11---------
Average test accuracy:  24.150
Average training loss: 0.708
Finetuned average test accuracy:  26.275
---------Round 12---------
Average test accuracy:  24.650
Average training loss: 0.560
Finetuned average test accuracy:  26.150
---------Round 13---------
Average test accuracy:  25.375
Average training loss: 0.567
Finetuned average test accuracy:  27.900
---------Round 14---------
Average test accuracy:  27.475
Average training loss: 0.390
Finetuned average test accuracy:  28.525
---------Round 15---------
Average test accuracy:  25.325
Average training loss: 0.498
Finetuned average test accuracy:  26.625
---------Round 16---------
Average test accuracy:  27.375
Average training loss: 0.323
Finetuned average test accuracy:  27.325
---------Round 17---------
Average test accuracy:  27.350
Average training loss: 0.237
Finetuned average test accuracy:  28.200
---------Round 18---------
Average test accuracy:  26.400
Average training loss: 0.233
Finetuned average test accuracy:  26.450
---------Round 19---------
Average test accuracy:  26.600
Average training loss: 0.193
Finetuned average test accuracy:  26.850
---------Round 20---------
Average test accuracy:  28.625
Average training loss: 0.176
Finetuned average test accuracy:  28.675
---------Round 21---------
Average test accuracy:  27.275
Average training loss: 0.120
Finetuned average test accuracy:  27.300
---------Round 22---------
Average test accuracy:  27.925
Average training loss: 0.114
Finetuned average test accuracy:  28.225
---------Round 23---------
Average test accuracy:  28.050
Average training loss: 0.074
Finetuned average test accuracy:  27.725
---------Round 24---------
Average test accuracy:  27.975
Average training loss: 0.121
Finetuned average test accuracy:  28.025
---------Round 25---------
Average test accuracy:  27.650
Average training loss: 0.101
Finetuned average test accuracy:  28.100
---------Round 26---------
Average test accuracy:  28.125
Average training loss: 0.030
Finetuned average test accuracy:  27.775
---------Round 27---------
Average test accuracy:  28.400
Average training loss: 0.062
Finetuned average test accuracy:  28.650
---------Round 28---------
Average test accuracy:  29.700
Average training loss: 0.084
Finetuned average test accuracy:  29.675
---------Round 29---------
Average test accuracy:  28.100
Average training loss: 0.002
Finetuned average test accuracy:  28.350
---------Round 30---------
Average test accuracy:  28.475
Average training loss: 0.027
Finetuned average test accuracy:  28.050
---------Round 31---------
Average test accuracy:  28.575
Average training loss: 0.002
Finetuned average test accuracy:  28.425
---------Round 32---------
Average test accuracy:  28.125
Average training loss: 0.001
Finetuned average test accuracy:  28.125
---------Round 33---------
Average test accuracy:  27.400
Average training loss: 0.001
Finetuned average test accuracy:  27.550
---------Round 34---------
Average test accuracy:  27.725
Average training loss: 0.001
Finetuned average test accuracy:  27.750
---------Round 35---------
Average test accuracy:  29.400
Average training loss: 0.002
Finetuned average test accuracy:  28.875
---------Round 36---------
Average test accuracy:  28.100
Average training loss: 0.002
Finetuned average test accuracy:  28.450
---------Round 37---------
Average test accuracy:  29.025
Average training loss: 0.001
Finetuned average test accuracy:  28.625
---------Round 38---------
Average test accuracy:  28.725
Average training loss: 0.001
Finetuned average test accuracy:  28.975
---------Round 39---------
Average test accuracy:  29.175
Average training loss: 0.001
Finetuned average test accuracy:  29.250
---------Round 40---------
Average test accuracy:  27.950
Average training loss: 0.001
Finetuned average test accuracy:  28.450
---------Round 41---------
Average test accuracy:  29.025
Average training loss: 0.001
Finetuned average test accuracy:  28.750
---------Round 42---------
Average test accuracy:  27.800
Average training loss: 0.001
Finetuned average test accuracy:  28.025
---------Round 43---------
Average test accuracy:  28.725
Average training loss: 0.001
Finetuned average test accuracy:  28.350
---------Round 44---------
Average test accuracy:  29.300
Average training loss: 0.001
Finetuned average test accuracy:  29.125
---------Round 45---------
Average test accuracy:  28.400
Average training loss: 0.001
Finetuned average test accuracy:  28.450
---------Round 46---------
Average test accuracy:  27.675
Average training loss: 0.001
Finetuned average test accuracy:  27.875
---------Round 47---------
Average test accuracy:  28.225
Average training loss: 0.001
Finetuned average test accuracy:  28.125
---------Round 48---------
Average test accuracy:  28.125
Average training loss: 0.000
Finetuned average test accuracy:  28.400
---------Round 49---------
Average test accuracy:  28.250
Average training loss: 0.000
Finetuned average test accuracy:  27.950
---------Round 50---------
Average test accuracy:  28.200
Average training loss: 0.001
Finetuned average test accuracy:  28.250
---------Round 51---------
Average test accuracy:  28.575
Average training loss: 0.000
Finetuned average test accuracy:  29.050
---------Round 52---------
Average test accuracy:  28.725
Average training loss: 0.000
Finetuned average test accuracy:  28.925
---------Round 53---------
Average test accuracy:  27.150
Average training loss: 0.000
Finetuned average test accuracy:  26.750
---------Round 54---------
Average test accuracy:  27.900
Average training loss: 0.000
Finetuned average test accuracy:  28.100
---------Round 55---------
Average test accuracy:  28.625
Average training loss: 0.000
Finetuned average test accuracy:  28.725
---------Round 56---------
Average test accuracy:  28.350
Average training loss: 0.000
Finetuned average test accuracy:  28.475
---------Round 57---------
Average test accuracy:  27.550
Average training loss: 0.000
Finetuned average test accuracy:  27.325
---------Round 58---------
Average test accuracy:  28.950
Average training loss: 0.000
Finetuned average test accuracy:  29.300
---------Round 59---------
Average test accuracy:  28.375
Average training loss: 0.000
Finetuned average test accuracy:  28.400
---------Round 60---------
Average test accuracy:  29.000
Average training loss: 0.000
Finetuned average test accuracy:  28.925
---------Round 61---------
Average test accuracy:  28.600
Average training loss: 0.000
Finetuned average test accuracy:  28.525
---------Round 62---------
Average test accuracy:  27.850
Average training loss: 0.000
Finetuned average test accuracy:  27.700
---------Round 63---------
Average test accuracy:  28.300
Average training loss: 0.000
Finetuned average test accuracy:  28.275
---------Round 64---------
Average test accuracy:  27.500
Average training loss: 0.000
Finetuned average test accuracy:  27.500
---------Round 65---------
Average test accuracy:  28.800
Average training loss: 0.000
Finetuned average test accuracy:  28.950
---------Round 66---------
Average test accuracy:  29.075
Average training loss: 0.000
Finetuned average test accuracy:  29.050
---------Round 67---------
Average test accuracy:  28.575
Average training loss: 0.000
Finetuned average test accuracy:  28.575
---------Round 68---------
Average test accuracy:  29.375
Average training loss: 0.000
Finetuned average test accuracy:  29.250
---------Round 69---------
Average test accuracy:  28.500
Average training loss: 0.000
Finetuned average test accuracy:  28.800
---------Round 70---------
Average test accuracy:  28.500
Average training loss: 0.000
Finetuned average test accuracy:  28.375
---------Round 71---------
Average test accuracy:  28.500
Average training loss: 0.000
Finetuned average test accuracy:  28.500
---------Round 72---------
Average test accuracy:  28.475
Average training loss: 0.000
Finetuned average test accuracy:  28.650
---------Round 73---------
Average test accuracy:  28.550
Average training loss: 0.000
Finetuned average test accuracy:  28.475
---------Round 74---------
Average test accuracy:  27.525
Average training loss: 0.000
Finetuned average test accuracy:  27.525
---------Round 75---------
Average test accuracy:  28.150
Average training loss: 0.000
Finetuned average test accuracy:  28.275
---------Round 76---------
Average test accuracy:  29.150
Average training loss: 0.000
Finetuned average test accuracy:  29.125
---------Round 77---------
Average test accuracy:  28.925
Average training loss: 0.000
Finetuned average test accuracy:  29.075
---------Round 78---------
Average test accuracy:  28.475
Average training loss: 0.000
Finetuned average test accuracy:  28.300
---------Round 79---------
Average test accuracy:  28.600
Average training loss: 0.000
Finetuned average test accuracy:  28.500
---------Round 80---------
Average test accuracy:  27.800
Average training loss: 0.000
Finetuned average test accuracy:  27.725
---------Round 81---------
Average test accuracy:  28.300
Average training loss: 0.000
Finetuned average test accuracy:  28.300
---------Round 82---------
Average test accuracy:  28.750
Average training loss: 0.000
Finetuned average test accuracy:  28.725
---------Round 83---------
Average test accuracy:  28.300
Average training loss: 0.000
Finetuned average test accuracy:  28.200
---------Round 84---------
Average test accuracy:  27.700
Average training loss: 0.000
Finetuned average test accuracy:  27.875
---------Round 85---------
Average test accuracy:  27.900
Average training loss: 0.000
Finetuned average test accuracy:  27.850
---------Round 86---------
Average test accuracy:  27.950
Average training loss: 0.000
Finetuned average test accuracy:  28.000
---------Round 87---------
Average test accuracy:  27.825
Average training loss: 0.000
Finetuned average test accuracy:  27.850
---------Round 88---------
Average test accuracy:  28.900
Average training loss: 0.000
Finetuned average test accuracy:  28.800
---------Round 89---------
Average test accuracy:  27.675
Average training loss: 0.000
Finetuned average test accuracy:  27.850
---------Round 90---------
Average test accuracy:  28.025
Average training loss: 0.000
Finetuned average test accuracy:  28.125
---------Round 91---------
Average test accuracy:  28.225
Average training loss: 0.000
Finetuned average test accuracy:  28.250
---------Round 92---------
Average test accuracy:  28.600
Average training loss: 0.000
Finetuned average test accuracy:  28.725
---------Round 93---------
Average test accuracy:  28.425
Average training loss: 0.000
Finetuned average test accuracy:  28.350
---------Round 94---------
Average test accuracy:  28.425
Average training loss: 0.000
Finetuned average test accuracy:  28.250
---------Round 95---------
Average test accuracy:  28.125
Average training loss: 0.000
Finetuned average test accuracy:  28.225
---------Round 96---------
Average test accuracy:  28.900
Average training loss: 0.000
Finetuned average test accuracy:  28.875
---------Round 97---------
Average test accuracy:  28.825
Average training loss: 0.000
Finetuned average test accuracy:  28.875
---------Round 98---------
Average test accuracy:  28.200
Average training loss: 0.000
Finetuned average test accuracy:  28.300
---------Round 99---------
Average test accuracy:  27.750
Average training loss: 0.000
Finetuned average test accuracy:  27.775
Training Time: 12475.503142356873s
End of Training
