Training
---------Round 0---------
Average test accuracy:  15.650
Average training loss: 1.588
Finetuned average test accuracy:  14.550
---------Round 1---------
Average test accuracy:  17.575
Average training loss: 1.477
Finetuned average test accuracy:  17.825
---------Round 2---------
Average test accuracy:  17.900
Average training loss: 1.408
Finetuned average test accuracy:  18.200
---------Round 3---------
Average test accuracy:  20.500
Average training loss: 1.266
Finetuned average test accuracy:  21.375
---------Round 4---------
Average test accuracy:  21.325
Average training loss: 1.142
Finetuned average test accuracy:  23.025
---------Round 5---------
Average test accuracy:  20.525
Average training loss: 1.148
Finetuned average test accuracy:  23.400
---------Round 6---------
Average test accuracy:  20.675
Average training loss: 1.133
Finetuned average test accuracy:  22.625
---------Round 7---------
Average test accuracy:  22.250
Average training loss: 0.937
Finetuned average test accuracy:  24.025
---------Round 8---------
Average test accuracy:  22.825
Average training loss: 0.899
Finetuned average test accuracy:  24.475
---------Round 9---------
Average test accuracy:  23.625
Average training loss: 0.858
Finetuned average test accuracy:  25.275
Training Time: 1256.766928434372s
End of Training
