Training
---------Round 0---------
Average test accuracy:  14.425
Average training loss: 1.616
Finetuned average test accuracy:  17.025
---------Round 1---------
Average test accuracy:  16.825
Average training loss: 1.519
Finetuned average test accuracy:  17.525
---------Round 2---------
Average test accuracy:  17.800
Average training loss: 1.476
Finetuned average test accuracy:  18.250
---------Round 3---------
Average test accuracy:  16.725
Average training loss: 1.335
Finetuned average test accuracy:  19.375
---------Round 4---------
Average test accuracy:  20.700
Average training loss: 1.290
